[SEND] Email: mk86271210@gmail.com | OTP: 919216 | Time: 2026-01-13T11:26:34.306Z
[VERIFY] Email: mk86271210@gmail.com | Input: 919216 | Stored: 919216 | Time: 2026-01-13T11:27:13.820Z
[SEND] Email: mk8627121@gmail.com | OTP: 302765 | Time: 2026-01-13T11:28:00.763Z
[VERIFY] Email: mk8627121@gmail.com | Input: 302765 | Stored: 302765 | Time: 2026-01-13T11:28:28.743Z
[SEND] Email: mk86271210@gmail.com | OTP: 521358 | Time: 2026-01-13T11:51:35.560Z
[SEND] Email: mk86271210@gmail.com | OTP: 780225 | Time: 2026-01-13T11:52:34.996Z
[VERIFY] Email: mk86271210@gmail.com | Input: 422384 | Stored: 780225 | Time: 2026-01-13T11:52:52.430Z
[VERIFY] Email: mk86271210@gmail.com | Input: 422384 | Stored: 780225 | Time: 2026-01-13T11:52:53.709Z
[SEND] Email: mk86271210@gmail.com | OTP: 294067 | Time: 2026-01-13T11:53:12.832Z
[VERIFY] Email: mk86271210@gmail.com | Input: 294067 | Stored: 294067 | Time: 2026-01-13T11:53:42.407Z
[SEND] Email: mk86271210@gmail.com | OTP: 353966 | Time: 2026-01-13T13:27:00.304Z
[VERIFY] Email: mk86271210@gmail.com | Input: 353966 | Stored: 353966 | Time: 2026-01-13T13:27:25.202Z
[SEND] Email: mk8627121@gmail.com | OTP: 755680 | Time: 2026-01-14T10:20:09.106Z
[VERIFY] Email: mk8627121@gmail.com | Input: 755680 | Stored: 755680 | Time: 2026-01-14T10:21:18.674Z
[SEND] Email: mk86271210@gmail.com | OTP: 683013 | Time: 2026-01-14T10:21:35.207Z
[VERIFY] Email: mk86271210@gmail.com | Input: 683013 | Stored: 683013 | Time: 2026-01-14T10:21:55.088Z
[SEND] Email: mk8627121@gmail.com | OTP: 493561 | Time: 2026-01-14T14:52:19.445Z
[VERIFY] Email: mk8627121@gmail.com | Input: 493561 | Stored: 493561 | Time: 2026-01-14T14:53:01.160Z
[SEND] Email: mk8627121@gmail.com | OTP: 300365 | Time: 2026-01-14T15:19:48.926Z
[VERIFY] Email: mk8627121@gmail.com | Input: 300365 | Stored: 300365 | Time: 2026-01-14T15:21:37.069Z
[SEND] Email: mk8627121@gmail.com | OTP: 288772 | Time: 2026-01-14T19:05:04.774Z
[VERIFY] Email: mk8627121@gmail.com | Input: 288772 | Stored: 288772 | Time: 2026-01-14T19:05:41.103Z
[SEND] Email: mk8627121@gmail.com | OTP: 596330 | Time: 2026-01-14T19:06:38.088Z
[VERIFY] Email: mk8627121@gmail.com | Input: 596330 | Stored: 596330 | Time: 2026-01-14T19:06:57.635Z
[SEND] Email: mk8627121@gmail.com | OTP: 859644 | Time: 2026-01-14T19:08:23.966Z
[VERIFY] Email: mk8627121@gmail.com | Input: 859644 | Stored: 859644 | Time: 2026-01-14T19:08:45.114Z
[SEND] Email: mk86271210@gmail.com | OTP: 867960 | Time: 2026-01-15T04:52:02.097Z
[VERIFY] Email: mk86271210@gmail.com | Input: 867960 | Stored: 867960 | Time: 2026-01-15T04:52:28.682Z
[SEND] Email: backfile0562@gmail.com | OTP: 123383 | Time: 2026-01-15T05:30:46.966Z
[VERIFY] Contact: backfile0562@gmail.com | Input: 123383 | Stored: 123383 | Time: 2026-01-15T05:31:07.494Z
[SEND] Email: backfile0562@gmail.com | OTP: 298855 | Time: 2026-01-15T05:42:07.593Z
[VERIFY] Contact: backfile0562@gmail.com | Input: 298855 | Stored: 298855 | Time: 2026-01-15T05:43:02.818Z
[SEND] Email: backfile0562@gmail.com | OTP: 858215 | Time: 2026-01-15T05:50:35.939Z
[VERIFY] Contact: 9334170932 | Input: 298863 | Stored: 298863 | Time: 2026-01-15T05:51:02.601Z
[VERIFY] Contact: backfile0562@gmail.com | Input: 858215 | Stored: 858215 | Time: 2026-01-15T05:51:03.465Z
[SEND] Email: backfile0562@gmail.com | OTP: 846324 | Time: 2026-01-15T05:51:33.510Z
[SEND] Email: backfile0562@gmail.com | OTP: 659273 | Time: 2026-01-15T05:51:43.089Z
[VERIFY] Contact: backfile0562@gmail.com | Input: 659273 | Stored: 659273 | Time: 2026-01-15T05:52:19.297Z
[SEND] Email: backfile0562@gmail.com | OTP: 939260 | Time: 2026-01-15T05:59:51.655Z
[VERIFY] Contact: 9334170932 | Input: 965763 | Stored: 965763 | Time: 2026-01-15T06:00:00.771Z
[VERIFY] Contact: backfile0562@gmail.com | Input: 939260 | Stored: 939260 | Time: 2026-01-15T06:00:14.791Z
[SEND] Email: mk8627121@gmail.com | OTP: 822185 | Time: 2026-01-15T06:03:49.089Z
[SEND] Email: mk86271210@gmail.com | OTP: 753637 | Time: 2026-01-15T06:04:56.206Z
[VERIFY] Contact: mk86271210@gmail.com | Input: 753637 | Stored: 753637 | Time: 2026-01-15T06:05:24.658Z
[SEND] Email: backfile0562@gmail.com | OTP: 933116 | Time: 2026-01-15T06:19:38.772Z
[VERIFY] Contact: 9334170932 | Input: 812043 | Stored: 812043 | Time: 2026-01-15T06:19:41.845Z
[VERIFY] Contact: backfile0562@gmail.com | Input: 933116 | Stored: 933116 | Time: 2026-01-15T06:20:01.763Z
[SEND] Email: backfile0562@gmail.com | OTP: 656126 | Time: 2026-01-15T06:20:26.163Z
[VERIFY] Contact: backfile0562@gmail.com | Input: 656126 | Stored: 656126 | Time: 2026-01-15T06:20:47.581Z
[VERIFY] Contact: 9334170932 | Input: 837533 | Stored: 837533 | Time: 2026-01-15T06:40:25.715Z
[SEND] Email: backfile0562@gmail.com | OTP: 574367 | Time: 2026-01-15T06:40:28.558Z
[VERIFY] Contact: backfile0562@gmail.com | Input: 574367 | Stored: 574367 | Time: 2026-01-15T06:40:52.065Z
[SEND] Email: backfile0562@gmail.com | OTP: 877854 | Time: 2026-01-15T06:41:40.937Z
[SEND] Email: backfile0562@gmail.com | OTP: 542593 | Time: 2026-01-15T06:42:05.113Z
[VERIFY] Contact: backfile0562@gmail.com | Input: 542593 | Stored: 542593 | Time: 2026-01-15T06:42:30.735Z
[SEND] Email: backfile0562@gmail.com | OTP: 214358 | Time: 2026-01-15T06:43:02.325Z
[SEND] Email: backfile0562@gmail.com | OTP: 171874 | Time: 2026-01-15T06:43:17.703Z
[VERIFY] Contact: backfile0562@gmail.com | Input: 171874 | Stored: 171874 | Time: 2026-01-15T06:43:41.901Z
[SEND] Email: backfile0562@gmail.com | OTP: 290252 | Time: 2026-01-15T06:48:23.980Z
[SEND] Email: backfile0562@gmail.com | OTP: 824977 | Time: 2026-01-15T06:48:42.048Z
[VERIFY] Contact: backfile0562@gmail.com | Input: 824977 | Stored: 824977 | Time: 2026-01-15T06:49:04.702Z
[SEND] Email: backfile0562@gmail.com | OTP: 284714 | Time: 2026-01-15T06:50:11.778Z
[VERIFY] Contact: backfile0562@gmail.com | Input: 284714 | Stored: 284714 | Time: 2026-01-15T06:50:31.925Z
[SEND] Email: backfile0562@gmail.com | OTP: 598257 | Time: 2026-01-15T06:53:32.232Z
[VERIFY] Contact: backfile0562@gmail.com | Input: 598257 | Stored: 598257 | Time: 2026-01-15T06:53:58.245Z
[SEND] Email: mk8627121@gmail.com | OTP: 133468 | Time: 2026-01-15T10:51:33.172Z
[VERIFY] Contact: mk8627121@gmail.com | Input: 822185 | Stored: 133468 | Time: 2026-01-15T10:52:48.382Z
[VERIFY] Contact: mk8627121@gmail.com | Input: 822185 | Stored: 133468 | Time: 2026-01-15T10:52:53.490Z
[SEND] Email: mk8627121@gmail.com | OTP: 901406 | Time: 2026-01-15T10:53:08.951Z
[VERIFY] Contact: mk8627121@gmail.com | Input: 901406 | Stored: 901406 | Time: 2026-01-15T10:53:41.722Z
[SEND] Email: mk8627121@gmail.com | OTP: 743069 | Time: 2026-01-15T10:54:15.739Z
[VERIFY] Contact: mk8627121@gmail.com | Input: 743069 | Stored: 743069 | Time: 2026-01-15T10:55:33.252Z
